<?xml version="1.0" encoding="UTF-8"?>
<testsuite name="com.evaluator.EvaluatorService.EvaluatorServiceApplicationTests" time="0.014" tests="1" errors="1" skipped="0" failures="0">
  <properties>
[...]
</properties>
  <testcase name="initializationError" classname="com.evaluator.EvaluatorService.EvaluatorServiceApplicationTests" time="0.014">
    <error message="Unable to find a @SpringBootConfiguration, you need to use @ContextConfiguration or @SpringBootTest(classes=...) with your test" type="java.lang.IllegalStateException"><![CDATA[java.lang.IllegalStateException: Unable to find a @SpringBootConfiguration, you need to use @ContextConfiguration or @SpringBootTest(classes=...) with your test
	at org.springframework.util.Assert.state(Assert.java:70)
	at org.springframework.boot.test.context.SpringBootTestContextBootstrapper.getOrFindConfigurationClasses(SpringBootTestContextBootstrapper.java:173)
	at org.springframework.boot.test.context.SpringBootTestContextBootstrapper.processMergedContextConfiguration(SpringBootTestContextBootstrapper.java:133)
	at org.springframework.test.context.support.AbstractTestContextBootstrapper.buildMergedContextConfiguration(AbstractTestContextBootstrapper.java:409)
	at org.springframework.test.context.support.AbstractTestContextBootstrapper.buildDefaultMergedContextConfiguration(AbstractTestContextBootstrapper.java:323)
	at org.springframework.test.context.support.AbstractTestContextBootstrapper.buildMergedContextConfiguration(AbstractTestContextBootstrapper.java:277)
	at org.springframework.test.context.support.AbstractTestContextBootstrapper.buildTestContext(AbstractTestContextBootstrapper.java:112)
	at org.springframework.boot.test.context.SpringBootTestContextBootstrapper.buildTestContext(SpringBootTestContextBootstrapper.java:78)
	at org.springframework.test.context.TestContextManager.<init>(TestContextManager.java:120)
	at org.springframework.test.context.TestContextManager.<init>(TestContextManager.java:105)
	at org.springframework.test.context.junit4.SpringJUnit4ClassRunner.createTestContextManager(SpringJUnit4ClassRunner.java:152)
	at org.springframework.test.context.junit4.SpringJUnit4ClassRunner.<init>(SpringJUnit4ClassRunner.java:143)
	at org.springframework.test.context.junit4.SpringRunner.<init>(SpringRunner.java:49)
	at sun.reflect.NativeConstructorAccessorImpl.newInstance0(Native Method)
	at sun.reflect.NativeConstructorAccessorImpl.newInstance(NativeConstructorAccessorImpl.java:62)
	at sun.reflect.DelegatingConstructorAccessorImpl.newInstance(DelegatingConstructorAccessorImpl.java:45)
	at java.lang.reflect.Constructor.newInstance(Constructor.java:423)
	at org.junit.internal.builders.AnnotatedBuilder.buildRunner(AnnotatedBuilder.java:104)
	at org.junit.internal.builders.AnnotatedBuilder.runnerForClass(AnnotatedBuilder.java:86)
	at org.junit.runners.model.RunnerBuilder.safeRunnerForClass(RunnerBuilder.java:59)
	at org.junit.internal.builders.AllDefaultPossibilitiesBuilder.runnerForClass(AllDefaultPossibilitiesBuilder.java:26)
	at org.junit.runners.model.RunnerBuilder.safeRunnerForClass(RunnerBuilder.java:59)
	at org.junit.internal.requests.ClassRequest.getRunner(ClassRequest.java:33)
	at org.apache.maven.surefire.junit4.JUnit4Provider.execute(JUnit4Provider.java:283)
	at org.apache.maven.surefire.junit4.JUnit4Provider.executeWithRerun(JUnit4Provider.java:173)
	at org.apache.maven.surefire.junit4.JUnit4Provider.executeTestSet(JUnit4Provider.java:153)
	at org.apache.maven.surefire.junit4.JUnit4Provider.invoke(JUnit4Provider.java:128)
	at org.apache.maven.surefire.booter.ForkedBooter.invokeProviderInSameClassLoader(ForkedBooter.java:203)
	at org.apache.maven.surefire.booter.ForkedBooter.runSuitesInProcess(ForkedBooter.java:155)
	at org.apache.maven.surefire.booter.ForkedBooter.main(ForkedBooter.java:103)
]]></error>
    <system-out><![CDATA[14:58:00.612 [main] DEBUG org.springframework.test.context.junit4.SpringJUnit4ClassRunner - SpringJUnit4ClassRunner constructor called with [class com.evaluator.EvaluatorService.EvaluatorServiceApplicationTests]
14:58:00.622 [main] DEBUG org.springframework.test.context.BootstrapUtils - Instantiating CacheAwareContextLoaderDelegate from class [org.springframework.test.context.cache.DefaultCacheAwareContextLoaderDelegate]
14:58:00.637 [main] DEBUG org.springframework.test.context.BootstrapUtils - Instantiating BootstrapContext using constructor [public org.springframework.test.context.support.DefaultBootstrapContext(java.lang.Class,org.springframework.test.context.CacheAwareContextLoaderDelegate)]
14:58:00.668 [main] DEBUG org.springframework.test.context.BootstrapUtils - Instantiating TestContextBootstrapper for test class [com.evaluator.EvaluatorService.EvaluatorServiceApplicationTests] from class [org.springframework.boot.test.context.SpringBootTestContextBootstrapper]
14:58:00.705 [main] INFO org.springframework.boot.test.context.SpringBootTestContextBootstrapper - Neither @ContextConfiguration nor @ContextHierarchy found for test class [com.evaluator.EvaluatorService.EvaluatorServiceApplicationTests], using SpringBootContextLoader
14:58:00.712 [main] DEBUG org.springframework.test.context.support.AbstractContextLoader - Did not detect default resource location for test class [com.evaluator.EvaluatorService.EvaluatorServiceApplicationTests]: class path resource [com/evaluator/EvaluatorService/EvaluatorServiceApplicationTests-context.xml] does not exist
14:58:00.713 [main] DEBUG org.springframework.test.context.support.AbstractContextLoader - Did not detect default resource location for test class [com.evaluator.EvaluatorService.EvaluatorServiceApplicationTests]: class path resource [com/evaluator/EvaluatorService/EvaluatorServiceApplicationTestsContext.groovy] does not exist
14:58:00.713 [main] INFO org.springframework.test.context.support.AbstractContextLoader - Could not detect default resource locations for test class [com.evaluator.EvaluatorService.EvaluatorServiceApplicationTests]: no resource found for suffixes {-context.xml, Context.groovy}.
14:58:00.715 [main] INFO org.springframework.test.context.support.AnnotationConfigContextLoaderUtils - Could not detect default configuration classes for test class [com.evaluator.EvaluatorService.EvaluatorServiceApplicationTests]: EvaluatorServiceApplicationTests does not declare any static, non-private, non-final, nested classes annotated with @Configuration.
14:58:00.781 [main] DEBUG org.springframework.test.context.support.ActiveProfilesUtils - Could not find an 'annotation declaring class' for annotation type [org.springframework.test.context.ActiveProfiles] and class [com.evaluator.EvaluatorService.EvaluatorServiceApplicationTests]
14:58:00.803 [main] DEBUG org.springframework.core.env.StandardEnvironment - Adding [systemProperties] PropertySource with lowest search precedence
14:58:00.805 [main] DEBUG org.springframework.core.env.StandardEnvironment - Adding [systemEnvironment] PropertySource with lowest search precedence
14:58:00.805 [main] DEBUG org.springframework.core.env.StandardEnvironment - Initialized StandardEnvironment with PropertySources [systemProperties,systemEnvironment]
14:58:00.824 [main] DEBUG org.springframework.core.io.support.PathMatchingResourcePatternResolver - Resolved classpath location [com/evaluator/EvaluatorService/] to resources [URL [file:/media/saicharan/6C58AAC458AA8D00/SpringProjects/TrueFalseEvaluatorService/target/test-classes/com/evaluator/EvaluatorService/]]
14:58:00.825 [main] DEBUG org.springframework.core.io.support.PathMatchingResourcePatternResolver - Looking for matching resources in directory tree [/media/saicharan/6C58AAC458AA8D00/SpringProjects/TrueFalseEvaluatorService/target/test-classes/com/evaluator/EvaluatorService]
14:58:00.826 [main] DEBUG org.springframework.core.io.support.PathMatchingResourcePatternResolver - Searching directory [/media/saicharan/6C58AAC458AA8D00/SpringProjects/TrueFalseEvaluatorService/target/test-classes/com/evaluator/EvaluatorService] for files matching pattern [/media/saicharan/6C58AAC458AA8D00/SpringProjects/TrueFalseEvaluatorService/target/test-classes/com/evaluator/EvaluatorService/*.class]
14:58:00.830 [main] DEBUG org.springframework.core.io.support.PathMatchingResourcePatternResolver - Resolved location pattern [classpath*:com/evaluator/EvaluatorService/*.class] to resources [file [/media/saicharan/6C58AAC458AA8D00/SpringProjects/TrueFalseEvaluatorService/target/test-classes/com/evaluator/EvaluatorService/EvaluatorServiceApplicationTests.class]]
14:58:00.858 [main] DEBUG org.springframework.core.io.support.PathMatchingResourcePatternResolver - Resolved classpath location [com/evaluator/] to resources [URL [file:/media/saicharan/6C58AAC458AA8D00/SpringProjects/TrueFalseEvaluatorService/target/test-classes/com/evaluator/]]
14:58:00.859 [main] DEBUG org.springframework.core.io.support.PathMatchingResourcePatternResolver - Looking for matching resources in directory tree [/media/saicharan/6C58AAC458AA8D00/SpringProjects/TrueFalseEvaluatorService/target/test-classes/com/evaluator]
14:58:00.859 [main] DEBUG org.springframework.core.io.support.PathMatchingResourcePatternResolver - Searching directory [/media/saicharan/6C58AAC458AA8D00/SpringProjects/TrueFalseEvaluatorService/target/test-classes/com/evaluator] for files matching pattern [/media/saicharan/6C58AAC458AA8D00/SpringProjects/TrueFalseEvaluatorService/target/test-classes/com/evaluator/*.class]
14:58:00.860 [main] DEBUG org.springframework.core.io.support.PathMatchingResourcePatternResolver - Resolved location pattern [classpath*:com/evaluator/*.class] to resources []
14:58:00.864 [main] DEBUG org.springframework.core.io.support.PathMatchingResourcePatternResolver - Resolved classpath location [com/] to resources [URL [file:/media/saicharan/6C58AAC458AA8D00/SpringProjects/TrueFalseEvaluatorService/target/test-classes/com/], URL [file:/media/saicharan/6C58AAC458AA8D00/SpringProjects/TrueFalseEvaluatorService/target/classes/com/], URL [jar:file:/home/saicharan/.m2/repository/com/netflix/eureka/eureka-client/1.6.2/eureka-client-1.6.2.jar!/com/], URL [jar:file:/home/saicharan/.m2/repository/com/netflix/netflix-commons/netflix-eventbus/0.3.0/netflix-eventbus-0.3.0.jar!/com/], URL [jar:file:/home/saicharan/.m2/repository/com/netflix/netflix-commons/netflix-infix/0.3.0/netflix-infix-0.3.0.jar!/com/], URL [jar:file:/home/saicharan/.m2/repository/com/google/code/gson/gson/2.8.0/gson-2.8.0.jar!/com/], URL [jar:file:/home/saicharan/.m2/repository/com/netflix/archaius/archaius-core/0.7.4/archaius-core-0.7.4.jar!/com/], URL [jar:file:/home/saicharan/.m2/repository/com/netflix/servo/servo-core/0.10.1/servo-core-0.10.1.jar!/com/], URL [jar:file:/home/saicharan/.m2/repository/com/netflix/servo/servo-internal/0.10.1/servo-internal-0.10.1.jar!/com/], URL [jar:file:/home/saicharan/.m2/repository/com/sun/jersey/jersey-core/1.19.1/jersey-core-1.19.1.jar!/com/], URL [jar:file:/home/saicharan/.m2/repository/com/sun/jersey/jersey-client/1.19.1/jersey-client-1.19.1.jar!/com/], URL [jar:file:/home/saicharan/.m2/repository/com/sun/jersey/contribs/jersey-apache-client4/1.19.1/jersey-apache-client4-1.19.1.jar!/com/], URL [jar:file:/home/saicharan/.m2/repository/com/google/inject/guice/4.1.0/guice-4.1.0.jar!/com/], URL [jar:file:/home/saicharan/.m2/repository/com/fasterxml/jackson/core/jackson-annotations/2.8.0/jackson-annotations-2.8.0.jar!/com/], URL [jar:file:/home/saicharan/.m2/repository/com/fasterxml/jackson/core/jackson-core/2.8.7/jackson-core-2.8.7.jar!/com/], URL [jar:file:/home/saicharan/.m2/repository/com/netflix/eureka/eureka-core/1.6.2/eureka-core-1.6.2.jar!/com/], URL [jar:file:/home/saicharan/.m2/repository/org/codehaus/woodstox/woodstox-core-asl/4.4.1/woodstox-core-asl-4.4.1.jar!/com/], URL [jar:file:/home/saicharan/.m2/repository/com/netflix/ribbon/ribbon/2.2.2/ribbon-2.2.2.jar!/com/], URL [jar:file:/home/saicharan/.m2/repository/com/netflix/ribbon/ribbon-transport/2.2.2/ribbon-transport-2.2.2.jar!/com/], URL [jar:file:/home/saicharan/.m2/repository/io/reactivex/rxnetty-contexts/0.4.9/rxnetty-contexts-0.4.9.jar!/com/], URL [jar:file:/home/saicharan/.m2/repository/com/netflix/hystrix/hystrix-core/1.5.12/hystrix-core-1.5.12.jar!/com/], URL [jar:file:/home/saicharan/.m2/repository/com/netflix/ribbon/ribbon-core/2.2.2/ribbon-core-2.2.2.jar!/com/], URL [jar:file:/home/saicharan/.m2/repository/com/netflix/ribbon/ribbon-httpclient/2.2.2/ribbon-httpclient-2.2.2.jar!/com/], URL [jar:file:/home/saicharan/.m2/repository/com/netflix/netflix-commons/netflix-commons-util/0.1.1/netflix-commons-util-0.1.1.jar!/com/], URL [jar:file:/home/saicharan/.m2/repository/com/netflix/ribbon/ribbon-loadbalancer/2.2.2/ribbon-loadbalancer-2.2.2.jar!/com/], URL [jar:file:/home/saicharan/.m2/repository/com/netflix/netflix-commons/netflix-statistics/0.1.1/netflix-statistics-0.1.1.jar!/com/], URL [jar:file:/home/saicharan/.m2/repository/com/netflix/ribbon/ribbon-eureka/2.2.2/ribbon-eureka-2.2.2.jar!/com/], URL [jar:file:/home/saicharan/.m2/repository/com/thoughtworks/xstream/xstream/1.4.9/xstream-1.4.9.jar!/com/], URL [jar:file:/home/saicharan/.m2/repository/com/fasterxml/jackson/core/jackson-databind/2.8.7/jackson-databind-2.8.7.jar!/com/], URL [jar:file:/home/saicharan/.m2/repository/com/jayway/jsonpath/json-path/2.2.0/json-path-2.2.0.jar!/com/], URL [jar:file:/home/saicharan/.m2/repository/org/projectlombok/lombok/1.16.16/lombok-1.16.16.jar!/com/], URL [jar:file:/home/saicharan/.m2/repository/com/google/guava/guava/18.0/guava-18.0.jar!/com/], URL [jar:file:/home/saicharan/.m2/repository/com/fasterxml/classmate/1.3.3/classmate-1.3.3.jar!/com/]]
14:58:00.882 [main] DEBUG org.springframework.core.io.support.PathMatchingResourcePatternResolver - Looking for matching resources in directory tree [/media/saicharan/6C58AAC458AA8D00/SpringProjects/TrueFalseEvaluatorService/target/test-classes/com]
14:58:00.883 [main] DEBUG org.springframework.core.io.support.PathMatchingResourcePatternResolver - Searching directory [/media/saicharan/6C58AAC458AA8D00/SpringProjects/TrueFalseEvaluatorService/target/test-classes/com] for files matching pattern [/media/saicharan/6C58AAC458AA8D00/SpringProjects/TrueFalseEvaluatorService/target/test-classes/com/*.class]
14:58:00.884 [main] DEBUG org.springframework.core.io.support.PathMatchingResourcePatternResolver - Looking for matching resources in directory tree [/media/saicharan/6C58AAC458AA8D00/SpringProjects/TrueFalseEvaluatorService/target/classes/com]
14:58:00.886 [main] DEBUG org.springframework.core.io.support.PathMatchingResourcePatternResolver - Searching directory [/media/saicharan/6C58AAC458AA8D00/SpringProjects/TrueFalseEvaluatorService/target/classes/com] for files matching pattern [/media/saicharan/6C58AAC458AA8D00/SpringProjects/TrueFalseEvaluatorService/target/classes/com/*.class]
14:58:00.887 [main] DEBUG org.springframework.core.io.support.PathMatchingResourcePatternResolver - Looking for matching resources in jar file [file:/home/saicharan/.m2/repository/com/netflix/eureka/eureka-client/1.6.2/eureka-client-1.6.2.jar]
14:58:00.900 [main] DEBUG org.springframework.core.io.support.PathMatchingResourcePatternResolver - Looking for matching resources in jar file [file:/home/saicharan/.m2/repository/com/netflix/netflix-commons/netflix-eventbus/0.3.0/netflix-eventbus-0.3.0.jar]
14:58:00.902 [main] DEBUG org.springframework.core.io.support.PathMatchingResourcePatternResolver - Looking for matching resources in jar file [file:/home/saicharan/.m2/repository/com/netflix/netflix-commons/netflix-infix/0.3.0/netflix-infix-0.3.0.jar]
14:58:00.904 [main] DEBUG org.springframework.core.io.support.PathMatchingResourcePatternResolver - Looking for matching resources in jar file [file:/home/saicharan/.m2/repository/com/google/code/gson/gson/2.8.0/gson-2.8.0.jar]
14:58:00.908 [main] DEBUG org.springframework.core.io.support.PathMatchingResourcePatternResolver - Looking for matching resources in jar file [file:/home/saicharan/.m2/repository/com/netflix/archaius/archaius-core/0.7.4/archaius-core-0.7.4.jar]
14:58:00.910 [main] DEBUG org.springframework.core.io.support.PathMatchingResourcePatternResolver - Looking for matching resources in jar file [file:/home/saicharan/.m2/repository/com/netflix/servo/servo-core/0.10.1/servo-core-0.10.1.jar]
14:58:00.913 [main] DEBUG org.springframework.core.io.support.PathMatchingResourcePatternResolver - Looking for matching resources in jar file [file:/home/saicharan/.m2/repository/com/netflix/servo/servo-internal/0.10.1/servo-internal-0.10.1.jar]
14:58:00.915 [main] DEBUG org.springframework.core.io.support.PathMatchingResourcePatternResolver - Looking for matching resources in jar file [file:/home/saicharan/.m2/repository/com/sun/jersey/jersey-core/1.19.1/jersey-core-1.19.1.jar]
14:58:00.919 [main] DEBUG org.springframework.core.io.support.PathMatchingResourcePatternResolver - Looking for matching resources in jar file [file:/home/saicharan/.m2/repository/com/sun/jersey/jersey-client/1.19.1/jersey-client-1.19.1.jar]
14:58:00.921 [main] DEBUG org.springframework.core.io.support.PathMatchingResourcePatternResolver - Looking for matching resources in jar file [file:/home/saicharan/.m2/repository/com/sun/jersey/contribs/jersey-apache-client4/1.19.1/jersey-apache-client4-1.19.1.jar]
14:58:00.922 [main] DEBUG org.springframework.core.io.support.PathMatchingResourcePatternResolver - Looking for matching resources in jar file [file:/home/saicharan/.m2/repository/com/google/inject/guice/4.1.0/guice-4.1.0.jar]
14:58:00.926 [main] DEBUG org.springframework.core.io.support.PathMatchingResourcePatternResolver - Looking for matching resources in jar file [file:/home/saicharan/.m2/repository/com/fasterxml/jackson/core/jackson-annotations/2.8.0/jackson-annotations-2.8.0.jar]
14:58:00.928 [main] DEBUG org.springframework.core.io.support.PathMatchingResourcePatternResolver - Looking for matching resources in jar file [file:/home/saicharan/.m2/repository/com/fasterxml/jackson/core/jackson-core/2.8.7/jackson-core-2.8.7.jar]
14:58:00.930 [main] DEBUG org.springframework.core.io.support.PathMatchingResourcePatternResolver - Looking for matching resources in jar file [file:/home/saicharan/.m2/repository/com/netflix/eureka/eureka-core/1.6.2/eureka-core-1.6.2.jar]
14:58:00.931 [main] DEBUG org.springframework.core.io.support.PathMatchingResourcePatternResolver - Looking for matching resources in jar file [file:/home/saicharan/.m2/repository/org/codehaus/woodstox/woodstox-core-asl/4.4.1/woodstox-core-asl-4.4.1.jar]
14:58:00.933 [main] DEBUG org.springframework.core.io.support.PathMatchingResourcePatternResolver - Looking for matching resources in jar file [file:/home/saicharan/.m2/repository/com/netflix/ribbon/ribbon/2.2.2/ribbon-2.2.2.jar]
14:58:00.934 [main] DEBUG org.springframework.core.io.support.PathMatchingResourcePatternResolver - Looking for matching resources in jar file [file:/home/saicharan/.m2/repository/com/netflix/ribbon/ribbon-transport/2.2.2/ribbon-transport-2.2.2.jar]
14:58:00.935 [main] DEBUG org.springframework.core.io.support.PathMatchingResourcePatternResolver - Looking for matching resources in jar file [file:/home/saicharan/.m2/repository/io/reactivex/rxnetty-contexts/0.4.9/rxnetty-contexts-0.4.9.jar]
14:58:00.936 [main] DEBUG org.springframework.core.io.support.PathMatchingResourcePatternResolver - Looking for matching resources in jar file [file:/home/saicharan/.m2/repository/com/netflix/hystrix/hystrix-core/1.5.12/hystrix-core-1.5.12.jar]
14:58:00.939 [main] DEBUG org.springframework.core.io.support.PathMatchingResourcePatternResolver - Looking for matching resources in jar file [file:/home/saicharan/.m2/repository/com/netflix/ribbon/ribbon-core/2.2.2/ribbon-core-2.2.2.jar]
14:58:00.943 [main] DEBUG org.springframework.core.io.support.PathMatchingResourcePatternResolver - Looking for matching resources in jar file [file:/home/saicharan/.m2/repository/com/netflix/ribbon/ribbon-httpclient/2.2.2/ribbon-httpclient-2.2.2.jar]
14:58:00.944 [main] DEBUG org.springframework.core.io.support.PathMatchingResourcePatternResolver - Looking for matching resources in jar file [file:/home/saicharan/.m2/repository/com/netflix/netflix-commons/netflix-commons-util/0.1.1/netflix-commons-util-0.1.1.jar]
14:58:00.944 [main] DEBUG org.springframework.core.io.support.PathMatchingResourcePatternResolver - Looking for matching resources in jar file [file:/home/saicharan/.m2/repository/com/netflix/ribbon/ribbon-loadbalancer/2.2.2/ribbon-loadbalancer-2.2.2.jar]
14:58:00.946 [main] DEBUG org.springframework.core.io.support.PathMatchingResourcePatternResolver - Looking for matching resources in jar file [file:/home/saicharan/.m2/repository/com/netflix/netflix-commons/netflix-statistics/0.1.1/netflix-statistics-0.1.1.jar]
14:58:00.946 [main] DEBUG org.springframework.core.io.support.PathMatchingResourcePatternResolver - Looking for matching resources in jar file [file:/home/saicharan/.m2/repository/com/netflix/ribbon/ribbon-eureka/2.2.2/ribbon-eureka-2.2.2.jar]
14:58:00.947 [main] DEBUG org.springframework.core.io.support.PathMatchingResourcePatternResolver - Looking for matching resources in jar file [file:/home/saicharan/.m2/repository/com/thoughtworks/xstream/xstream/1.4.9/xstream-1.4.9.jar]
14:58:00.951 [main] DEBUG org.springframework.core.io.support.PathMatchingResourcePatternResolver - Looking for matching resources in jar file [file:/home/saicharan/.m2/repository/com/fasterxml/jackson/core/jackson-databind/2.8.7/jackson-databind-2.8.7.jar]
14:58:00.955 [main] DEBUG org.springframework.core.io.support.PathMatchingResourcePatternResolver - Looking for matching resources in jar file [file:/home/saicharan/.m2/repository/com/jayway/jsonpath/json-path/2.2.0/json-path-2.2.0.jar]
14:58:00.957 [main] DEBUG org.springframework.core.io.support.PathMatchingResourcePatternResolver - Looking for matching resources in jar file [file:/home/saicharan/.m2/repository/org/projectlombok/lombok/1.16.16/lombok-1.16.16.jar]
14:58:00.959 [main] DEBUG org.springframework.core.io.support.PathMatchingResourcePatternResolver - Looking for matching resources in jar file [file:/home/saicharan/.m2/repository/com/google/guava/guava/18.0/guava-18.0.jar]
14:58:00.970 [main] DEBUG org.springframework.core.io.support.PathMatchingResourcePatternResolver - Looking for matching resources in jar file [file:/home/saicharan/.m2/repository/com/fasterxml/classmate/1.3.3/classmate-1.3.3.jar]
14:58:00.972 [main] DEBUG org.springframework.core.io.support.PathMatchingResourcePatternResolver - Resolved location pattern [classpath*:com/*.class] to resources []
14:58:00.991 [main] DEBUG org.springframework.test.context.junit4.SpringJUnit4ClassRunner - SpringJUnit4ClassRunner constructor called with [class com.evaluator.EvaluatorService.EvaluatorServiceApplicationTests]
14:58:00.992 [main] DEBUG org.springframework.test.context.BootstrapUtils - Instantiating CacheAwareContextLoaderDelegate from class [org.springframework.test.context.cache.DefaultCacheAwareContextLoaderDelegate]
14:58:00.992 [main] DEBUG org.springframework.test.context.BootstrapUtils - Instantiating BootstrapContext using constructor [public org.springframework.test.context.support.DefaultBootstrapContext(java.lang.Class,org.springframework.test.context.CacheAwareContextLoaderDelegate)]
14:58:00.994 [main] DEBUG org.springframework.test.context.BootstrapUtils - Instantiating TestContextBootstrapper for test class [com.evaluator.EvaluatorService.EvaluatorServiceApplicationTests] from class [org.springframework.boot.test.context.SpringBootTestContextBootstrapper]
14:58:00.995 [main] INFO org.springframework.boot.test.context.SpringBootTestContextBootstrapper - Neither @ContextConfiguration nor @ContextHierarchy found for test class [com.evaluator.EvaluatorService.EvaluatorServiceApplicationTests], using SpringBootContextLoader
14:58:01.008 [main] DEBUG org.springframework.test.context.support.AbstractContextLoader - Did not detect default resource location for test class [com.evaluator.EvaluatorService.EvaluatorServiceApplicationTests]: class path resource [com/evaluator/EvaluatorService/EvaluatorServiceApplicationTests-context.xml] does not exist
14:58:01.009 [main] DEBUG org.springframework.test.context.support.AbstractContextLoader - Did not detect default resource location for test class [com.evaluator.EvaluatorService.EvaluatorServiceApplicationTests]: class path resource [com/evaluator/EvaluatorService/EvaluatorServiceApplicationTestsContext.groovy] does not exist
14:58:01.009 [main] INFO org.springframework.test.context.support.AbstractContextLoader - Could not detect default resource locations for test class [com.evaluator.EvaluatorService.EvaluatorServiceApplicationTests]: no resource found for suffixes {-context.xml, Context.groovy}.
14:58:01.009 [main] INFO org.springframework.test.context.support.AnnotationConfigContextLoaderUtils - Could not detect default configuration classes for test class [com.evaluator.EvaluatorService.EvaluatorServiceApplicationTests]: EvaluatorServiceApplicationTests does not declare any static, non-private, non-final, nested classes annotated with @Configuration.
14:58:01.020 [main] DEBUG org.springframework.test.context.support.ActiveProfilesUtils - Could not find an 'annotation declaring class' for annotation type [org.springframework.test.context.ActiveProfiles] and class [com.evaluator.EvaluatorService.EvaluatorServiceApplicationTests]
14:58:01.020 [main] DEBUG org.springframework.core.env.StandardEnvironment - Adding [systemProperties] PropertySource with lowest search precedence
14:58:01.020 [main] DEBUG org.springframework.core.env.StandardEnvironment - Adding [systemEnvironment] PropertySource with lowest search precedence
14:58:01.020 [main] DEBUG org.springframework.core.env.StandardEnvironment - Initialized StandardEnvironment with PropertySources [systemProperties,systemEnvironment]
14:58:01.028 [main] DEBUG org.springframework.core.io.support.PathMatchingResourcePatternResolver - Resolved classpath location [com/evaluator/EvaluatorService/] to resources [URL [file:/media/saicharan/6C58AAC458AA8D00/SpringProjects/TrueFalseEvaluatorService/target/test-classes/com/evaluator/EvaluatorService/]]
14:58:01.032 [main] DEBUG org.springframework.core.io.support.PathMatchingResourcePatternResolver - Looking for matching resources in directory tree [/media/saicharan/6C58AAC458AA8D00/SpringProjects/TrueFalseEvaluatorService/target/test-classes/com/evaluator/EvaluatorService]
14:58:01.033 [main] DEBUG org.springframework.core.io.support.PathMatchingResourcePatternResolver - Searching directory [/media/saicharan/6C58AAC458AA8D00/SpringProjects/TrueFalseEvaluatorService/target/test-classes/com/evaluator/EvaluatorService] for files matching pattern [/media/saicharan/6C58AAC458AA8D00/SpringProjects/TrueFalseEvaluatorService/target/test-classes/com/evaluator/EvaluatorService/*.class]
14:58:01.037 [main] DEBUG org.springframework.core.io.support.PathMatchingResourcePatternResolver - Resolved location pattern [classpath*:com/evaluator/EvaluatorService/*.class] to resources [file [/media/saicharan/6C58AAC458AA8D00/SpringProjects/TrueFalseEvaluatorService/target/test-classes/com/evaluator/EvaluatorService/EvaluatorServiceApplicationTests.class]]
14:58:01.040 [main] DEBUG org.springframework.core.io.support.PathMatchingResourcePatternResolver - Resolved classpath location [com/evaluator/] to resources [URL [file:/media/saicharan/6C58AAC458AA8D00/SpringProjects/TrueFalseEvaluatorService/target/test-classes/com/evaluator/]]
14:58:01.040 [main] DEBUG org.springframework.core.io.support.PathMatchingResourcePatternResolver - Looking for matching resources in directory tree [/media/saicharan/6C58AAC458AA8D00/SpringProjects/TrueFalseEvaluatorService/target/test-classes/com/evaluator]
14:58:01.041 [main] DEBUG org.springframework.core.io.support.PathMatchingResourcePatternResolver - Searching directory [/media/saicharan/6C58AAC458AA8D00/SpringProjects/TrueFalseEvaluatorService/target/test-classes/com/evaluator] for files matching pattern [/media/saicharan/6C58AAC458AA8D00/SpringProjects/TrueFalseEvaluatorService/target/test-classes/com/evaluator/*.class]
14:58:01.042 [main] DEBUG org.springframework.core.io.support.PathMatchingResourcePatternResolver - Resolved location pattern [classpath*:com/evaluator/*.class] to resources []
14:58:01.048 [main] DEBUG org.springframework.core.io.support.PathMatchingResourcePatternResolver - Resolved classpath location [com/] to resources [URL [file:/media/saicharan/6C58AAC458AA8D00/SpringProjects/TrueFalseEvaluatorService/target/test-classes/com/], URL [file:/media/saicharan/6C58AAC458AA8D00/SpringProjects/TrueFalseEvaluatorService/target/classes/com/], URL [jar:file:/home/saicharan/.m2/repository/com/netflix/eureka/eureka-client/1.6.2/eureka-client-1.6.2.jar!/com/], URL [jar:file:/home/saicharan/.m2/repository/com/netflix/netflix-commons/netflix-eventbus/0.3.0/netflix-eventbus-0.3.0.jar!/com/], URL [jar:file:/home/saicharan/.m2/repository/com/netflix/netflix-commons/netflix-infix/0.3.0/netflix-infix-0.3.0.jar!/com/], URL [jar:file:/home/saicharan/.m2/repository/com/google/code/gson/gson/2.8.0/gson-2.8.0.jar!/com/], URL [jar:file:/home/saicharan/.m2/repository/com/netflix/archaius/archaius-core/0.7.4/archaius-core-0.7.4.jar!/com/], URL [jar:file:/home/saicharan/.m2/repository/com/netflix/servo/servo-core/0.10.1/servo-core-0.10.1.jar!/com/], URL [jar:file:/home/saicharan/.m2/repository/com/netflix/servo/servo-internal/0.10.1/servo-internal-0.10.1.jar!/com/], URL [jar:file:/home/saicharan/.m2/repository/com/sun/jersey/jersey-core/1.19.1/jersey-core-1.19.1.jar!/com/], URL [jar:file:/home/saicharan/.m2/repository/com/sun/jersey/jersey-client/1.19.1/jersey-client-1.19.1.jar!/com/], URL [jar:file:/home/saicharan/.m2/repository/com/sun/jersey/contribs/jersey-apache-client4/1.19.1/jersey-apache-client4-1.19.1.jar!/com/], URL [jar:file:/home/saicharan/.m2/repository/com/google/inject/guice/4.1.0/guice-4.1.0.jar!/com/], URL [jar:file:/home/saicharan/.m2/repository/com/fasterxml/jackson/core/jackson-annotations/2.8.0/jackson-annotations-2.8.0.jar!/com/], URL [jar:file:/home/saicharan/.m2/repository/com/fasterxml/jackson/core/jackson-core/2.8.7/jackson-core-2.8.7.jar!/com/], URL [jar:file:/home/saicharan/.m2/repository/com/netflix/eureka/eureka-core/1.6.2/eureka-core-1.6.2.jar!/com/], URL [jar:file:/home/saicharan/.m2/repository/org/codehaus/woodstox/woodstox-core-asl/4.4.1/woodstox-core-asl-4.4.1.jar!/com/], URL [jar:file:/home/saicharan/.m2/repository/com/netflix/ribbon/ribbon/2.2.2/ribbon-2.2.2.jar!/com/], URL [jar:file:/home/saicharan/.m2/repository/com/netflix/ribbon/ribbon-transport/2.2.2/ribbon-transport-2.2.2.jar!/com/], URL [jar:file:/home/saicharan/.m2/repository/io/reactivex/rxnetty-contexts/0.4.9/rxnetty-contexts-0.4.9.jar!/com/], URL [jar:file:/home/saicharan/.m2/repository/com/netflix/hystrix/hystrix-core/1.5.12/hystrix-core-1.5.12.jar!/com/], URL [jar:file:/home/saicharan/.m2/repository/com/netflix/ribbon/ribbon-core/2.2.2/ribbon-core-2.2.2.jar!/com/], URL [jar:file:/home/saicharan/.m2/repository/com/netflix/ribbon/ribbon-httpclient/2.2.2/ribbon-httpclient-2.2.2.jar!/com/], URL [jar:file:/home/saicharan/.m2/repository/com/netflix/netflix-commons/netflix-commons-util/0.1.1/netflix-commons-util-0.1.1.jar!/com/], URL [jar:file:/home/saicharan/.m2/repository/com/netflix/ribbon/ribbon-loadbalancer/2.2.2/ribbon-loadbalancer-2.2.2.jar!/com/], URL [jar:file:/home/saicharan/.m2/repository/com/netflix/netflix-commons/netflix-statistics/0.1.1/netflix-statistics-0.1.1.jar!/com/], URL [jar:file:/home/saicharan/.m2/repository/com/netflix/ribbon/ribbon-eureka/2.2.2/ribbon-eureka-2.2.2.jar!/com/], URL [jar:file:/home/saicharan/.m2/repository/com/thoughtworks/xstream/xstream/1.4.9/xstream-1.4.9.jar!/com/], URL [jar:file:/home/saicharan/.m2/repository/com/fasterxml/jackson/core/jackson-databind/2.8.7/jackson-databind-2.8.7.jar!/com/], URL [jar:file:/home/saicharan/.m2/repository/com/jayway/jsonpath/json-path/2.2.0/json-path-2.2.0.jar!/com/], URL [jar:file:/home/saicharan/.m2/repository/org/projectlombok/lombok/1.16.16/lombok-1.16.16.jar!/com/], URL [jar:file:/home/saicharan/.m2/repository/com/google/guava/guava/18.0/guava-18.0.jar!/com/], URL [jar:file:/home/saicharan/.m2/repository/com/fasterxml/classmate/1.3.3/classmate-1.3.3.jar!/com/]]
14:58:01.048 [main] DEBUG org.springframework.core.io.support.PathMatchingResourcePatternResolver - Looking for matching resources in directory tree [/media/saicharan/6C58AAC458AA8D00/SpringProjects/TrueFalseEvaluatorService/target/test-classes/com]
14:58:01.049 [main] DEBUG org.springframework.core.io.support.PathMatchingResourcePatternResolver - Searching directory [/media/saicharan/6C58AAC458AA8D00/SpringProjects/TrueFalseEvaluatorService/target/test-classes/com] for files matching pattern [/media/saicharan/6C58AAC458AA8D00/SpringProjects/TrueFalseEvaluatorService/target/test-classes/com/*.class]
14:58:01.049 [main] DEBUG org.springframework.core.io.support.PathMatchingResourcePatternResolver - Looking for matching resources in directory tree [/media/saicharan/6C58AAC458AA8D00/SpringProjects/TrueFalseEvaluatorService/target/classes/com]
14:58:01.050 [main] DEBUG org.springframework.core.io.support.PathMatchingResourcePatternResolver - Searching directory [/media/saicharan/6C58AAC458AA8D00/SpringProjects/TrueFalseEvaluatorService/target/classes/com] for files matching pattern [/media/saicharan/6C58AAC458AA8D00/SpringProjects/TrueFalseEvaluatorService/target/classes/com/*.class]
14:58:01.050 [main] DEBUG org.springframework.core.io.support.PathMatchingResourcePatternResolver - Looking for matching resources in jar file [file:/home/saicharan/.m2/repository/com/netflix/eureka/eureka-client/1.6.2/eureka-client-1.6.2.jar]
14:58:01.054 [main] DEBUG org.springframework.core.io.support.PathMatchingResourcePatternResolver - Looking for matching resources in jar file [file:/home/saicharan/.m2/repository/com/netflix/netflix-commons/netflix-eventbus/0.3.0/netflix-eventbus-0.3.0.jar]
14:58:01.055 [main] DEBUG org.springframework.core.io.support.PathMatchingResourcePatternResolver - Looking for matching resources in jar file [file:/home/saicharan/.m2/repository/com/netflix/netflix-commons/netflix-infix/0.3.0/netflix-infix-0.3.0.jar]
14:58:01.056 [main] DEBUG org.springframework.core.io.support.PathMatchingResourcePatternResolver - Looking for matching resources in jar file [file:/home/saicharan/.m2/repository/com/google/code/gson/gson/2.8.0/gson-2.8.0.jar]
14:58:01.058 [main] DEBUG org.springframework.core.io.support.PathMatchingResourcePatternResolver - Looking for matching resources in jar file [file:/home/saicharan/.m2/repository/com/netflix/archaius/archaius-core/0.7.4/archaius-core-0.7.4.jar]
14:58:01.060 [main] DEBUG org.springframework.core.io.support.PathMatchingResourcePatternResolver - Looking for matching resources in jar file [file:/home/saicharan/.m2/repository/com/netflix/servo/servo-core/0.10.1/servo-core-0.10.1.jar]
14:58:01.062 [main] DEBUG org.springframework.core.io.support.PathMatchingResourcePatternResolver - Looking for matching resources in jar file [file:/home/saicharan/.m2/repository/com/netflix/servo/servo-internal/0.10.1/servo-internal-0.10.1.jar]
14:58:01.064 [main] DEBUG org.springframework.core.io.support.PathMatchingResourcePatternResolver - Looking for matching resources in jar file [file:/home/saicharan/.m2/repository/com/sun/jersey/jersey-core/1.19.1/jersey-core-1.19.1.jar]
14:58:01.067 [main] DEBUG org.springframework.core.io.support.PathMatchingResourcePatternResolver - Looking for matching resources in jar file [file:/home/saicharan/.m2/repository/com/sun/jersey/jersey-client/1.19.1/jersey-client-1.19.1.jar]
14:58:01.068 [main] DEBUG org.springframework.core.io.support.PathMatchingResourcePatternResolver - Looking for matching resources in jar file [file:/home/saicharan/.m2/repository/com/sun/jersey/contribs/jersey-apache-client4/1.19.1/jersey-apache-client4-1.19.1.jar]
14:58:01.069 [main] DEBUG org.springframework.core.io.support.PathMatchingResourcePatternResolver - Looking for matching resources in jar file [file:/home/saicharan/.m2/repository/com/google/inject/guice/4.1.0/guice-4.1.0.jar]
14:58:01.080 [main] DEBUG org.springframework.core.io.support.PathMatchingResourcePatternResolver - Looking for matching resources in jar file [file:/home/saicharan/.m2/repository/com/fasterxml/jackson/core/jackson-annotations/2.8.0/jackson-annotations-2.8.0.jar]
14:58:01.081 [main] DEBUG org.springframework.core.io.support.PathMatchingResourcePatternResolver - Looking for matching resources in jar file [file:/home/saicharan/.m2/repository/com/fasterxml/jackson/core/jackson-core/2.8.7/jackson-core-2.8.7.jar]
14:58:01.083 [main] DEBUG org.springframework.core.io.support.PathMatchingResourcePatternResolver - Looking for matching resources in jar file [file:/home/saicharan/.m2/repository/com/netflix/eureka/eureka-core/1.6.2/eureka-core-1.6.2.jar]
14:58:01.085 [main] DEBUG org.springframework.core.io.support.PathMatchingResourcePatternResolver - Looking for matching resources in jar file [file:/home/saicharan/.m2/repository/org/codehaus/woodstox/woodstox-core-asl/4.4.1/woodstox-core-asl-4.4.1.jar]
14:58:01.089 [main] DEBUG org.springframework.core.io.support.PathMatchingResourcePatternResolver - Looking for matching resources in jar file [file:/home/saicharan/.m2/repository/com/netflix/ribbon/ribbon/2.2.2/ribbon-2.2.2.jar]
14:58:01.090 [main] DEBUG org.springframework.core.io.support.PathMatchingResourcePatternResolver - Looking for matching resources in jar file [file:/home/saicharan/.m2/repository/com/netflix/ribbon/ribbon-transport/2.2.2/ribbon-transport-2.2.2.jar]
14:58:01.093 [main] DEBUG org.springframework.core.io.support.PathMatchingResourcePatternResolver - Looking for matching resources in jar file [file:/home/saicharan/.m2/repository/io/reactivex/rxnetty-contexts/0.4.9/rxnetty-contexts-0.4.9.jar]
14:58:01.094 [main] DEBUG org.springframework.core.io.support.PathMatchingResourcePatternResolver - Looking for matching resources in jar file [file:/home/saicharan/.m2/repository/com/netflix/hystrix/hystrix-core/1.5.12/hystrix-core-1.5.12.jar]
14:58:01.098 [main] DEBUG org.springframework.core.io.support.PathMatchingResourcePatternResolver - Looking for matching resources in jar file [file:/home/saicharan/.m2/repository/com/netflix/ribbon/ribbon-core/2.2.2/ribbon-core-2.2.2.jar]
14:58:01.100 [main] DEBUG org.springframework.core.io.support.PathMatchingResourcePatternResolver - Looking for matching resources in jar file [file:/home/saicharan/.m2/repository/com/netflix/ribbon/ribbon-httpclient/2.2.2/ribbon-httpclient-2.2.2.jar]
14:58:01.101 [main] DEBUG org.springframework.core.io.support.PathMatchingResourcePatternResolver - Looking for matching resources in jar file [file:/home/saicharan/.m2/repository/com/netflix/netflix-commons/netflix-commons-util/0.1.1/netflix-commons-util-0.1.1.jar]
14:58:01.102 [main] DEBUG org.springframework.core.io.support.PathMatchingResourcePatternResolver - Looking for matching resources in jar file [file:/home/saicharan/.m2/repository/com/netflix/ribbon/ribbon-loadbalancer/2.2.2/ribbon-loadbalancer-2.2.2.jar]
14:58:01.103 [main] DEBUG org.springframework.core.io.support.PathMatchingResourcePatternResolver - Looking for matching resources in jar file [file:/home/saicharan/.m2/repository/com/netflix/netflix-commons/netflix-statistics/0.1.1/netflix-statistics-0.1.1.jar]
14:58:01.104 [main] DEBUG org.springframework.core.io.support.PathMatchingResourcePatternResolver - Looking for matching resources in jar file [file:/home/saicharan/.m2/repository/com/netflix/ribbon/ribbon-eureka/2.2.2/ribbon-eureka-2.2.2.jar]
14:58:01.104 [main] DEBUG org.springframework.core.io.support.PathMatchingResourcePatternResolver - Looking for matching resources in jar file [file:/home/saicharan/.m2/repository/com/thoughtworks/xstream/xstream/1.4.9/xstream-1.4.9.jar]
14:58:01.110 [main] DEBUG org.springframework.core.io.support.PathMatchingResourcePatternResolver - Looking for matching resources in jar file [file:/home/saicharan/.m2/repository/com/fasterxml/jackson/core/jackson-databind/2.8.7/jackson-databind-2.8.7.jar]
14:58:01.113 [main] DEBUG org.springframework.core.io.support.PathMatchingResourcePatternResolver - Looking for matching resources in jar file [file:/home/saicharan/.m2/repository/com/jayway/jsonpath/json-path/2.2.0/json-path-2.2.0.jar]
14:58:01.116 [main] DEBUG org.springframework.core.io.support.PathMatchingResourcePatternResolver - Looking for matching resources in jar file [file:/home/saicharan/.m2/repository/org/projectlombok/lombok/1.16.16/lombok-1.16.16.jar]
14:58:01.118 [main] DEBUG org.springframework.core.io.support.PathMatchingResourcePatternResolver - Looking for matching resources in jar file [file:/home/saicharan/.m2/repository/com/google/guava/guava/18.0/guava-18.0.jar]
14:58:01.127 [main] DEBUG org.springframework.core.io.support.PathMatchingResourcePatternResolver - Looking for matching resources in jar file [file:/home/saicharan/.m2/repository/com/fasterxml/classmate/1.3.3/classmate-1.3.3.jar]
14:58:01.128 [main] DEBUG org.springframework.core.io.support.PathMatchingResourcePatternResolver - Resolved location pattern [classpath*:com/*.class] to resources []
]]></system-out>
  </testcase>
</testsuite>